<?xml version="1.0" encoding="UTF-8" ?>
<testsuite tests="97" failures="0" name="TestSuite" time="4.353" errors="0" skipped="0">
  <properties>
    <property name="idea.version" value="2016.1.3"/>
    <property name="java.runtime.name" value="Java(TM) SE Runtime Environment"/>
    <property name="sun.boot.library.path" value="/Library/Java/JavaVirtualMachines/jdk1.8.0_45.jdk/Contents/Home/jre/lib"/>
    <property name="java.vm.version" value="25.45-b02"/>
    <property name="user.country.format" value="PH"/>
    <property name="gopherProxySet" value="false"/>
    <property name="java.vm.vendor" value="Oracle Corporation"/>
    <property name="java.vendor.url" value="http://java.oracle.com/"/>
    <property name="path.separator" value=":"/>
    <property name="guice.disable.misplaced.annotation.check" value="true"/>
    <property name="java.vm.name" value="Java HotSpot(TM) 64-Bit Server VM"/>
    <property name="file.encoding.pkg" value="sun.io"/>
    <property name="idea.launcher.port" value="7533"/>
    <property name="user.country" value="US"/>
    <property name="sun.java.launcher" value="SUN_STANDARD"/>
    <property name="sun.os.patch.level" value="unknown"/>
    <property name="java.vm.specification.name" value="Java Virtual Machine Specification"/>
    <property name="user.dir" value="/Users/a-/Work/NinjaTrader"/>
    <property name="java.runtime.version" value="1.8.0_45-b14"/>
    <property name="java.awt.graphicsenv" value="sun.awt.CGraphicsEnvironment"/>
    <property name="java.endorsed.dirs" value="/Library/Java/JavaVirtualMachines/jdk1.8.0_45.jdk/Contents/Home/jre/lib/endorsed"/>
    <property name="os.arch" value="x86_64"/>
    <property name="java.io.tmpdir" value="/var/folders/4f/dl0gwqfn69z2xqs7l2ld1b400000gn/T/"/>
    <property name="line.separator" value="
"/>
    <property name="java.vm.specification.vendor" value="Oracle Corporation"/>
    <property name="os.name" value="Mac OS X"/>
    <property name="classworlds.conf" value="/Applications/IntelliJ IDEA.app/Contents/plugins/maven/lib/maven3/bin/m2.conf"/>
    <property name="sun.jnu.encoding" value="UTF-8"/>
    <property name="java.library.path" value="/Users/a-/Library/Java/Extensions:/Library/Java/Extensions:/Network/Library/Java/Extensions:/System/Library/Java/Extensions:/usr/lib/java:."/>
    <property name="java.specification.name" value="Java Platform API Specification"/>
    <property name="java.class.version" value="52.0"/>
    <property name="sun.management.compiler" value="HotSpot 64-Bit Tiered Compilers"/>
    <property name="os.version" value="10.9.5"/>
    <property name="http.nonProxyHosts" value="local|*.local|169.254/16|*.169.254/16"/>
    <property name="user.home" value="/Users/a-"/>
    <property name="user.timezone" value="Asia/Kuala_Lumpur"/>
    <property name="java.awt.printerjob" value="sun.lwawt.macosx.CPrinterJob"/>
    <property name="java.specification.version" value="1.8"/>
    <property name="idea.launcher.bin.path" value="/Applications/IntelliJ IDEA.app/Contents/bin"/>
    <property name="file.encoding" value="UTF-8"/>
    <property name="user.name" value="a-"/>
    <property name="java.class.path" value="/Applications/IntelliJ IDEA.app/Contents/plugins/maven/lib/maven3/boot/plexus-classworlds-2.4.jar:/Applications/IntelliJ IDEA.app/Contents/lib/idea_rt.jar"/>
    <property name="java.vm.specification.version" value="1.8"/>
    <property name="sun.arch.data.model" value="64"/>
    <property name="java.home" value="/Library/Java/JavaVirtualMachines/jdk1.8.0_45.jdk/Contents/Home/jre"/>
    <property name="sun.java.command" value="com.intellij.rt.execution.application.AppMain org.codehaus.classworlds.Launcher -Didea.version=2016.1.3 test"/>
    <property name="java.specification.vendor" value="Oracle Corporation"/>
    <property name="user.language" value="en"/>
    <property name="awt.toolkit" value="sun.lwawt.macosx.LWCToolkit"/>
    <property name="java.vm.info" value="mixed mode"/>
    <property name="java.version" value="1.8.0_45"/>
    <property name="java.ext.dirs" value="/Users/a-/Library/Java/Extensions:/Library/Java/JavaVirtualMachines/jdk1.8.0_45.jdk/Contents/Home/jre/lib/ext:/Library/Java/Extensions:/Network/Library/Java/Extensions:/System/Library/Java/Extensions:/usr/lib/java"/>
    <property name="sun.boot.class.path" value="/Library/Java/JavaVirtualMachines/jdk1.8.0_45.jdk/Contents/Home/jre/lib/resources.jar:/Library/Java/JavaVirtualMachines/jdk1.8.0_45.jdk/Contents/Home/jre/lib/rt.jar:/Library/Java/JavaVirtualMachines/jdk1.8.0_45.jdk/Contents/Home/jre/lib/sunrsasign.jar:/Library/Java/JavaVirtualMachines/jdk1.8.0_45.jdk/Contents/Home/jre/lib/jsse.jar:/Library/Java/JavaVirtualMachines/jdk1.8.0_45.jdk/Contents/Home/jre/lib/jce.jar:/Library/Java/JavaVirtualMachines/jdk1.8.0_45.jdk/Contents/Home/jre/lib/charsets.jar:/Library/Java/JavaVirtualMachines/jdk1.8.0_45.jdk/Contents/Home/jre/lib/jfr.jar:/Library/Java/JavaVirtualMachines/jdk1.8.0_45.jdk/Contents/Home/jre/classes"/>
    <property name="java.vendor" value="Oracle Corporation"/>
    <property name="maven.home" value="/Applications/IntelliJ IDEA.app/Contents/plugins/maven/lib/maven3"/>
    <property name="file.separator" value="/"/>
    <property name="java.vendor.url.bug" value="http://bugreport.sun.com/bugreport/"/>
    <property name="sun.cpu.endian" value="little"/>
    <property name="sun.io.unicode.encoding" value="UnicodeBig"/>
    <property name="socksNonProxyHosts" value="local|*.local|169.254/16|*.169.254/16"/>
    <property name="ftp.nonProxyHosts" value="local|*.local|169.254/16|*.169.254/16"/>
    <property name="sun.cpu.isalist" value=""/>
  </properties>
  <testcase classname="com.bn.ninjatrader.testplay.account.AccountTest" name="testAddCash" time="0.007"/>
  <testcase classname="com.bn.ninjatrader.testplay.account.AccountTest" name="testAddToPortfolio" time="0"/>
  <testcase classname="com.bn.ninjatrader.testplay.account.AccountTest" name="testClearPortfolio" time="0.001"/>
  <testcase classname="com.bn.ninjatrader.testplay.account.AccountTest" name="testOnCreate" time="0.001"/>
  <testcase classname="com.bn.ninjatrader.testplay.condition.AndConditionTest" name="testAddCondition" time="0.004"/>
  <testcase classname="com.bn.ninjatrader.testplay.condition.AndConditionTest" name="testAllFalse" time="0"/>
  <testcase classname="com.bn.ninjatrader.testplay.condition.AndConditionTest" name="testAllTrue" time="0.001"/>
  <testcase classname="com.bn.ninjatrader.testplay.condition.AndConditionTest" name="testGetDataTypes" time="0.009"/>
  <testcase classname="com.bn.ninjatrader.testplay.condition.AndConditionTest" name="testMixedTrueAndFalse" time="0.001"/>
  <testcase classname="com.bn.ninjatrader.testplay.condition.AndConditionTest" name="testNullCondition" time="0"/>
  <testcase classname="com.bn.ninjatrader.testplay.simulation.data.BarDataFactoryTest" name="testCreateBarData" time="0"/>
  <testcase classname="com.bn.ninjatrader.testplay.simulation.data.BarDataFactoryTest" name="testCreateBarDataWithSimulationData" time="0.076"/>
  <testcase classname="com.bn.ninjatrader.testplay.simulation.data.BarDataHistoryTest" name="testCreateEmpty" time="0.002"/>
  <testcase classname="com.bn.ninjatrader.testplay.simulation.data.BarDataHistoryTest" name="testWithData" time="0"/>
  <testcase classname="com.bn.ninjatrader.testplay.simulation.data.BarDataHistoryTest" name="testWithDataExceedingMaxSize" time="0.001"/>
  <testcase classname="com.bn.ninjatrader.testplay.simulation.data.BarDataTest" name="testOverwriteDataMap" time="0"/>
  <testcase classname="com.bn.ninjatrader.testplay.simulation.data.BarDataTest" name="testPutDataMap" time="0"/>
  <testcase classname="com.bn.ninjatrader.testplay.condition.BasicConditionTest" name="testSerializationDeserialization" time="0"/>
  <testcase classname="com.bn.ninjatrader.testplay.condition.BasicConditionTest" name="testUnaryEquals" time="0.002"/>
  <testcase classname="com.bn.ninjatrader.testplay.condition.BasicConditionTest" name="testUnaryGreaterThan" time="0"/>
  <testcase classname="com.bn.ninjatrader.testplay.condition.BasicConditionTest" name="testUnaryLessThan" time="0"/>
  <testcase classname="com.bn.ninjatrader.testplay.operation.BinaryOperationTest" name="testAddVariables" time="0.008"/>
  <testcase classname="com.bn.ninjatrader.testplay.operation.BinaryOperationTest" name="testArithmeticOnConstants" time="0"/>
  <testcase classname="com.bn.ninjatrader.testplay.operation.BinaryOperationTest" name="testGetDataTypesForConstants" time="0"/>
  <testcase classname="com.bn.ninjatrader.testplay.operation.BinaryOperationTest" name="testGetDataTypesForVariables" time="0"/>
  <testcase classname="com.bn.ninjatrader.testplay.operation.BinaryOperationTest" name="testGetNestedDataTypes" time="0.001"/>
  <testcase classname="com.bn.ninjatrader.testplay.simulation.transaction.BookkeeperTest" name="testCreate" time="0.001"/>
  <testcase classname="com.bn.ninjatrader.testplay.simulation.transaction.BookkeeperTest" name="testMultiLog" time="0"/>
  <testcase classname="com.bn.ninjatrader.testplay.simulation.transaction.BookkeeperTest" name="testSimpleBuy" time="0.001"/>
  <testcase classname="com.bn.ninjatrader.testplay.simulation.broker.BrokerTest" name="testCreateEmpty" time="0.001"/>
  <testcase classname="com.bn.ninjatrader.testplay.simulation.broker.BrokerTest" name="testProcessPendingOrder" time="0.103"/>
  <testcase classname="com.bn.ninjatrader.testplay.simulation.broker.BrokerTest" name="testSubmitOrder" time="0.001"/>
  <testcase classname="com.bn.ninjatrader.testplay.simulation.broker.BuyOrderExecutorTest" name="testExecute" time="0.012"/>
  <testcase classname="com.bn.ninjatrader.testplay.simulation.order.BuyOrderParametersTest" name="testBuild" time="0.042"/>
  <testcase classname="com.bn.ninjatrader.testplay.simulation.order.BuyOrderTest" name="testCreateEmpty" time="0.001"/>
  <testcase classname="com.bn.ninjatrader.testplay.simulation.order.BuyOrderTest" name="testCreateWithData" time="0.003"/>
  <testcase classname="com.bn.ninjatrader.testplay.simulation.order.BuyOrderTest" name="testReadyForProcessing" time="0.001"/>
  <testcase classname="com.bn.ninjatrader.testplay.simulation.order.BuyOrderTest" name="testWithParams" time="0.001"/>
  <testcase classname="com.bn.ninjatrader.testplay.simulation.transaction.BuyTransactionTest" name="testCalculateValue" time="0"/>
  <testcase classname="com.bn.ninjatrader.testplay.simulation.transaction.BuyTransactionTest" name="testCreateEmpty" time="0"/>
  <testcase classname="com.bn.ninjatrader.testplay.simulation.transaction.BuyTransactionTest" name="testCreateWithData" time="0.001"/>
  <testcase classname="com.bn.ninjatrader.testplay.simulation.transaction.BuyTransactionTest" name="testEquals" time="0.042"/>
  <testcase classname="com.bn.ninjatrader.testplay.simulation.transaction.BuyTransactionTest" name="testHashCode" time="0.006"/>
  <testcase classname="com.bn.ninjatrader.testplay.condition.ConditionsTest" name="testGreaterThanCondition" time="0.002"/>
  <testcase classname="com.bn.ninjatrader.testplay.condition.ConditionsTest" name="testGreaterThanOrEqualsCondition" time="0"/>
  <testcase classname="com.bn.ninjatrader.testplay.condition.ConditionsTest" name="testMultipleEqualsCondition" time="0.001"/>
  <testcase classname="com.bn.ninjatrader.testplay.condition.ConditionsTest" name="testSingleEqualsCondition" time="0"/>
  <testcase classname="com.bn.ninjatrader.testplay.simulation.data.DataMapTest" name="testClearDataMap" time="0"/>
  <testcase classname="com.bn.ninjatrader.testplay.simulation.data.DataMapTest" name="testGetWithEmptyMap" time="0.001"/>
  <testcase classname="com.bn.ninjatrader.testplay.simulation.data.DataMapTest" name="testPutDataMap" time="0"/>
  <testcase classname="com.bn.ninjatrader.testplay.simulation.data.DataMapTest" name="testPutHashMap" time="0.004"/>
  <testcase classname="com.bn.ninjatrader.testplay.simulation.data.DataMapTest" name="testPutKeyValue" time="0"/>
  <testcase classname="com.bn.ninjatrader.testplay.operation.function.HighestInLastNBarsFunctionTest" name="testWithMultipleBars" time="0.005"/>
  <testcase classname="com.bn.ninjatrader.testplay.operation.function.HighestInLastNBarsFunctionTest" name="testWithSingleHistoryBar" time="0.001"/>
  <testcase classname="com.bn.ninjatrader.testplay.operation.function.HistoryFunctionTest" name="testMultiHistoryFunction" time="0.003"/>
  <testcase classname="com.bn.ninjatrader.testplay.operation.function.HistoryFunctionTest" name="testSingleHistoryFunction" time="0.001"/>
  <testcase classname="com.bn.ninjatrader.testplay.simulation.datafinder.IchimokuDataFinderTest" name="testFind" time="0.012"/>
  <testcase classname="com.bn.ninjatrader.testplay.simulation.adaptor.IchimokuDataMapAdaptorTest" name="testToDataMap" time="0.001"/>
  <testcase classname="com.bn.ninjatrader.testplay.operation.OperationsTest" name="testGetVariables" time="0.002"/>
  <testcase classname="com.bn.ninjatrader.testplay.operation.OperationsTest" name="testWithConstants" time="0.001"/>
  <testcase classname="com.bn.ninjatrader.testplay.operation.OperationsTest" name="testWithConstantsAndVaraibles" time="0.001"/>
  <testcase classname="com.bn.ninjatrader.testplay.operation.OperationsTest" name="testWithSingleOperand" time="0"/>
  <testcase classname="com.bn.ninjatrader.testplay.operation.OperationsTest" name="testWithVariables" time="0.001"/>
  <testcase classname="com.bn.ninjatrader.testplay.condition.OrConditionTest" name="testAllFalse" time="0"/>
  <testcase classname="com.bn.ninjatrader.testplay.condition.OrConditionTest" name="testAllTrue" time="0"/>
  <testcase classname="com.bn.ninjatrader.testplay.condition.OrConditionTest" name="testGetDataTypes" time="0.002"/>
  <testcase classname="com.bn.ninjatrader.testplay.condition.OrConditionTest" name="testMixedTrueAndFalse" time="0"/>
  <testcase classname="com.bn.ninjatrader.testplay.simulation.broker.OrderExecutorTest" name="testCalculateProfit" time="0.007"/>
  <testcase classname="com.bn.ninjatrader.testplay.simulation.broker.OrderExecutorTest" name="testCalculateProfitAtLowerPrice" time="0.001"/>
  <testcase classname="com.bn.ninjatrader.testplay.simulation.broker.OrderExecutorTest" name="testGetFulfilledPrice" time="0.004"/>
  <testcase classname="com.bn.ninjatrader.testplay.simulation.broker.OrderExecutorTest" name="testGetNumberOfSharesCanBuy" time="0.004"/>
  <testcase classname="com.bn.ninjatrader.testplay.account.PortfolioTest" name="testAdd" time="0.001"/>
  <testcase classname="com.bn.ninjatrader.testplay.account.PortfolioTest" name="testAvgPrice" time="0"/>
  <testcase classname="com.bn.ninjatrader.testplay.account.PortfolioTest" name="testClear" time="0"/>
  <testcase classname="com.bn.ninjatrader.testplay.account.PortfolioTest" name="testNumOfShares" time="0"/>
  <testcase classname="com.bn.ninjatrader.testplay.account.PortfolioTest" name="testOnCreate" time="0"/>
  <testcase classname="com.bn.ninjatrader.testplay.simulation.datafinder.PriceDataFinderTest" name="testFind" time="0.027"/>
  <testcase classname="com.bn.ninjatrader.testplay.simulation.adaptor.PriceDataMapAdaptorTest" name="testToDataMap" time="0.001"/>
  <testcase classname="com.bn.ninjatrader.testplay.simulation.broker.SellOrderExecutorTest" name="testExecute" time="0.001"/>
  <testcase classname="com.bn.ninjatrader.testplay.simulation.order.SellOrderParametersTest" name="testBuild" time="0.002"/>
  <testcase classname="com.bn.ninjatrader.testplay.simulation.order.SellOrderTest" name="testCreateEmpty" time="0.002"/>
  <testcase classname="com.bn.ninjatrader.testplay.simulation.order.SellOrderTest" name="testCreateWithData" time="0"/>
  <testcase classname="com.bn.ninjatrader.testplay.simulation.order.SellOrderTest" name="testReadyForProcessing" time="0"/>
  <testcase classname="com.bn.ninjatrader.testplay.simulation.order.SellOrderTest" name="testWithParams" time="0"/>
  <testcase classname="com.bn.ninjatrader.testplay.simulation.transaction.SellTransactionTest" name="testCalculateValue" time="0"/>
  <testcase classname="com.bn.ninjatrader.testplay.simulation.transaction.SellTransactionTest" name="testCreateEmpty" time="0.001"/>
  <testcase classname="com.bn.ninjatrader.testplay.simulation.transaction.SellTransactionTest" name="testCreateWithData" time="0"/>
  <testcase classname="com.bn.ninjatrader.testplay.simulation.transaction.SellTransactionTest" name="testEquals" time="0.003"/>
  <testcase classname="com.bn.ninjatrader.testplay.simulation.transaction.SellTransactionTest" name="testHashCode" time="0.002"/>
  <testcase classname="com.bn.ninjatrader.testplay.simulation.data.SimulationDataTest" name="testGetDataMap" time="0.001"/>
  <testcase classname="com.bn.ninjatrader.testplay.simulation.stats.TradeStatisticTest" name="testLossStats" time="0.001"/>
  <testcase classname="com.bn.ninjatrader.testplay.simulation.stats.TradeStatisticTest" name="testMultiTradeStats" time="0"/>
  <testcase classname="com.bn.ninjatrader.testplay.simulation.stats.TradeStatisticTest" name="testOnCreate" time="0"/>
  <testcase classname="com.bn.ninjatrader.testplay.simulation.stats.TradeStatisticTest" name="testWinStats" time="0"/>
  <testcase classname="com.bn.ninjatrader.testplay.operation.UnaryOperationTest" name="testGetVariables" time="0"/>
  <testcase classname="com.bn.ninjatrader.testplay.operation.UnaryOperationTest" name="testWithConstant" time="0"/>
  <testcase classname="com.bn.ninjatrader.testplay.operation.UnaryOperationTest" name="testWithVariables" time="0"/>
</testsuite>